app/build/outputs/logs/manifest-merger-release-report.txt
-- Merging decision tree log ---
manifest
ADDED from src\main\AndroidManifest.xml:2:1-129:12
INJECTED from src\main\AndroidManifest.xml:2:1-129:12
INJECTED from src\main\AndroidManifest.xml:2:1-129:12
INJECTED from src\main\AndroidManifest.xml:2:1-129:12
INJECTED from src\main\AndroidManifest.xml:2:1-129:12
INJECTED from src\main\AndroidManifest.xml:2:1-129:12
INJECTED from src\main\AndroidManifest.xml:2:1-129:12
	package
		ADDED from src\main\AndroidManifest.xml:3:5-48
		INJECTED from src\main\AndroidManifest.xml
		INJECTED from src\main\AndroidManifest.xml
	android:versionName
		ADDED from src\main\AndroidManifest.xml:5:5-32
		INJECTED from src\main\AndroidManifest.xml
		INJECTED from src\main\AndroidManifest.xml
	xmlns:android
		ADDED from src\main\AndroidManifest.xml:2:11-69
	android:versionCode
		ADDED from src\main\AndroidManifest.xml:4:5-33
		INJECTED from src\main\AndroidManifest.xml
		INJECTED from src\main\AndroidManifest.xml
uses-sdk
ADDED from src\main\AndroidManifest.xml:7:5-9:41
INJECTED from src\main\AndroidManifest.xml:7:5-9:41
INJECTED from src\main\AndroidManifest.xml:7:5-9:41
INJECTED from src\main\AndroidManifest.xml:7:5-9:41
INJECTED from src\main\AndroidManifest.xml:7:5-9:41
	android:targetSdkVersion
		ADDED from src\main\AndroidManifest.xml:9:9-38
		INJECTED from src\main\AndroidManifest.xml
		INJECTED from src\main\AndroidManifest.xml
	android:minSdkVersion
		ADDED from src\main\AndroidManifest.xml:8:9-34
		INJECTED from src\main\AndroidManifest.xml
		INJECTED from src\main\AndroidManifest.xml
application
ADDED from src\main\AndroidManifest.xml:11:5-127:19
	android:label
		ADDED from src\main\AndroidManifest.xml:14:9-41
	android:icon
		ADDED from src\main\AndroidManifest.xml:13:9-45
	android:allowBackup
		ADDED from src\main\AndroidManifest.xml:12:9-35
	android:theme
		ADDED from src\main\AndroidManifest.xml:15:9-40
activity#com.dsi.ant.antplus.pluginsampler.Activity_Dashboard
ADDED from src\main\AndroidManifest.xml:16:9-24:20
	android:label
		ADDED from src\main\AndroidManifest.xml:18:13-45
	android:name
		ADDED from src\main\AndroidManifest.xml:17:13-47
intent-filter#android.intent.action.MAIN+android.intent.category.LAUNCHER
ADDED from src\main\AndroidManifest.xml:19:13-23:29
action#android.intent.action.MAIN
ADDED from src\main\AndroidManifest.xml:20:17-69
	android:name
		ADDED from src\main\AndroidManifest.xml:20:25-66
category#android.intent.category.LAUNCHER
ADDED from src\main\AndroidManifest.xml:22:17-77
	android:name
		ADDED from src\main\AndroidManifest.xml:22:27-74
activity#com.dsi.ant.antplus.pluginsampler.heartrate.Activity_SearchUiHeartRateSampler
ADDED from src\main\AndroidManifest.xml:25:9-29:50
	android:screenOrientation
		ADDED from src\main\AndroidManifest.xml:28:13-49
	android:label
		ADDED from src\main\AndroidManifest.xml:27:13-54
	android:configChanges
		ADDED from src\main\AndroidManifest.xml:29:13-48
	android:name
		ADDED from src\main\AndroidManifest.xml:26:13-105
activity#com.dsi.ant.antplus.pluginsampler.heartrate.Activity_AsyncScanHeartRateSampler
ADDED from src\main\AndroidManifest.xml:30:9-34:50
	android:screenOrientation
		ADDED from src\main\AndroidManifest.xml:33:13-49
	android:label
		ADDED from src\main\AndroidManifest.xml:32:13-52
	android:configChanges
		ADDED from src\main\AndroidManifest.xml:34:13-48
	android:name
		ADDED from src\main\AndroidManifest.xml:31:13-106
activity#com.dsi.ant.antplus.pluginsampler.Activity_BikeCadenceSampler
ADDED from src\main\AndroidManifest.xml:35:9-39:50
	android:screenOrientation
		ADDED from src\main\AndroidManifest.xml:38:13-49
	android:label
		ADDED from src\main\AndroidManifest.xml:37:13-56
	android:configChanges
		ADDED from src\main\AndroidManifest.xml:39:13-48
	android:name
		ADDED from src\main\AndroidManifest.xml:36:13-56
activity#com.dsi.ant.antplus.pluginsampler.Activity_BikeSpeedDistanceSampler
ADDED from src\main\AndroidManifest.xml:40:9-44:50
	android:screenOrientation
		ADDED from src\main\AndroidManifest.xml:43:13-49
	android:label
		ADDED from src\main\AndroidManifest.xml:42:13-67
	android:configChanges
		ADDED from src\main\AndroidManifest.xml:44:13-48
	android:name
		ADDED from src\main\AndroidManifest.xml:41:13-62
activity#com.dsi.ant.antplus.pluginsampler.Activity_EnvironmentSampler
ADDED from src\main\AndroidManifest.xml:45:9-49:50
	android:screenOrientation
		ADDED from src\main\AndroidManifest.xml:48:13-49
	android:label
		ADDED from src\main\AndroidManifest.xml:47:13-55
	android:configChanges
		ADDED from src\main\AndroidManifest.xml:49:13-48
	android:name
		ADDED from src\main\AndroidManifest.xml:46:13-89
activity#com.dsi.ant.antplus.pluginsampler.geocache.Activity_GeoScanList
ADDED from src\main\AndroidManifest.xml:50:9-54:50
	android:screenOrientation
		ADDED from src\main\AndroidManifest.xml:53:13-49
	android:label
		ADDED from src\main\AndroidManifest.xml:52:13-52
	android:configChanges
		ADDED from src\main\AndroidManifest.xml:54:13-48
	android:name
		ADDED from src\main\AndroidManifest.xml:51:13-91
activity#com.dsi.ant.antplus.pluginsampler.Activity_StrideSdmSampler
ADDED from src\main\AndroidManifest.xml:55:9-59:50
	android:screenOrientation
		ADDED from src\main\AndroidManifest.xml:58:13-49
	android:label
		ADDED from src\main\AndroidManifest.xml:57:13-54
	android:configChanges
		ADDED from src\main\AndroidManifest.xml:59:13-48
	android:name
		ADDED from src\main\AndroidManifest.xml:56:13-54
activity#com.dsi.ant.antplus.pluginsampler.controls.Activity_AudioControllableDeviceSampler
ADDED from src\main\AndroidManifest.xml:60:9-64:52
	android:screenOrientation
		ADDED from src\main\AndroidManifest.xml:64:13-49
	android:label
		ADDED from src\main\AndroidManifest.xml:63:13-69
	android:configChanges
		ADDED from src\main\AndroidManifest.xml:62:13-48
	android:name
		ADDED from src\main\AndroidManifest.xml:61:13-110
activity#com.dsi.ant.antplus.pluginsampler.controls.Activity_AudioRemoteControlSampler
ADDED from src\main\AndroidManifest.xml:65:9-69:52
	android:screenOrientation
		ADDED from src\main\AndroidManifest.xml:69:13-49
	android:label
		ADDED from src\main\AndroidManifest.xml:68:13-64
	android:configChanges
		ADDED from src\main\AndroidManifest.xml:67:13-48
	android:name
		ADDED from src\main\AndroidManifest.xml:66:13-105
activity#com.dsi.ant.antplus.pluginsampler.controls.Activity_VideoControllableDeviceSampler
ADDED from src\main\AndroidManifest.xml:70:9-74:52
	android:screenOrientation
		ADDED from src\main\AndroidManifest.xml:74:13-49
	android:label
		ADDED from src\main\AndroidManifest.xml:73:13-69
	android:configChanges
		ADDED from src\main\AndroidManifest.xml:72:13-48
	android:name
		ADDED from src\main\AndroidManifest.xml:71:13-110
activity#com.dsi.ant.antplus.pluginsampler.controls.Activity_VideoRemoteControlSampler
ADDED from src\main\AndroidManifest.xml:75:9-79:52
	android:screenOrientation
		ADDED from src\main\AndroidManifest.xml:79:13-49
	android:label
		ADDED from src\main\AndroidManifest.xml:78:13-64
	android:configChanges
		ADDED from src\main\AndroidManifest.xml:77:13-48
	android:name
		ADDED from src\main\AndroidManifest.xml:76:13-105
activity#com.dsi.ant.antplus.pluginsampler.controls.Activity_GenericControllableDeviceSampler
ADDED from src\main\AndroidManifest.xml:80:9-84:52
	android:screenOrientation
		ADDED from src\main\AndroidManifest.xml:84:13-49
	android:label
		ADDED from src\main\AndroidManifest.xml:83:13-71
	android:configChanges
		ADDED from src\main\AndroidManifest.xml:82:13-48
	android:name
		ADDED from src\main\AndroidManifest.xml:81:13-112
activity#com.dsi.ant.antplus.pluginsampler.controls.Activity_GenericRemoteControlSampler
ADDED from src\main\AndroidManifest.xml:85:9-89:52
	android:screenOrientation
		ADDED from src\main\AndroidManifest.xml:89:13-49
	android:label
		ADDED from src\main\AndroidManifest.xml:88:13-66
	android:configChanges
		ADDED from src\main\AndroidManifest.xml:87:13-48
	android:name
		ADDED from src\main\AndroidManifest.xml:86:13-107
activity#com.dsi.ant.antplus.pluginsampler.controls.Activity_MultiRemoteControlSampler
ADDED from src\main\AndroidManifest.xml:90:9-94:52
	android:screenOrientation
		ADDED from src\main\AndroidManifest.xml:94:13-49
	android:label
		ADDED from src\main\AndroidManifest.xml:93:13-64
	android:configChanges
		ADDED from src\main\AndroidManifest.xml:92:13-48
	android:name
		ADDED from src\main\AndroidManifest.xml:91:13-105
activity#com.dsi.ant.antplus.pluginsampler.weightscale.Activity_WeightScaleSampler
ADDED from src\main\AndroidManifest.xml:95:9-99:50
	android:screenOrientation
		ADDED from src\main\AndroidManifest.xml:98:13-49
	android:label
		ADDED from src\main\AndroidManifest.xml:97:13-56
	android:configChanges
		ADDED from src\main\AndroidManifest.xml:99:13-48
	android:name
		ADDED from src\main\AndroidManifest.xml:96:13-101
activity#com.dsi.ant.antplus.pluginsampler.fitnessequipment.Activity_FitnessEquipmentSampler
ADDED from src\main\AndroidManifest.xml:100:9-104:50
	android:screenOrientation
		ADDED from src\main\AndroidManifest.xml:103:13-49
	android:label
		ADDED from src\main\AndroidManifest.xml:102:13-61
	android:configChanges
		ADDED from src\main\AndroidManifest.xml:104:13-48
	android:name
		ADDED from src\main\AndroidManifest.xml:101:13-111
activity#com.dsi.ant.antplus.pluginsampler.bloodpressure.Activity_BloodPressureSampler
ADDED from src\main\AndroidManifest.xml:105:9-109:51
	android:screenOrientation
		ADDED from src\main\AndroidManifest.xml:109:13-49
	android:label
		ADDED from src\main\AndroidManifest.xml:107:13-58
	android:configChanges
		ADDED from src\main\AndroidManifest.xml:108:13-48
	android:name
		ADDED from src\main\AndroidManifest.xml:106:13-105
activity#com.dsi.ant.antplus.pluginsampler.Activity_BikePowerSampler
ADDED from src\main\AndroidManifest.xml:110:9-113:50
	android:screenOrientation
		ADDED from src\main\AndroidManifest.xml:112:13-49
	android:label
		ADDED from src\main\AndroidManifest.xml:111:13-54
	android:configChanges
		ADDED from src\main\AndroidManifest.xml:113:13-48
	android:name
		ADDED from src\main\AndroidManifest.xml:110:19-93
activity#com.dsi.ant.antplus.pluginsampler.watchdownloader.Activity_WatchScanList
ADDED from src\main\AndroidManifest.xml:114:9-117:50
	android:screenOrientation
		ADDED from src\main\AndroidManifest.xml:116:13-49
	android:label
		ADDED from src\main\AndroidManifest.xml:115:13-60
	android:configChanges
		ADDED from src\main\AndroidManifest.xml:117:13-48
	android:name
		ADDED from src\main\AndroidManifest.xml:114:19-106
activity#com.dsi.ant.antplus.pluginsampler.multidevicesearch.Activity_MultiDeviceFilter
ADDED from src\main\AndroidManifest.xml:118:9-121:52
	android:screenOrientation
		ADDED from src\main\AndroidManifest.xml:121:13-49
	android:label
		ADDED from src\main\AndroidManifest.xml:120:13-63
	android:name
		ADDED from src\main\AndroidManifest.xml:119:13-106
activity#com.dsi.ant.antplus.pluginsampler.multidevicesearch.Activity_MultiDeviceSearchSampler
ADDED from src\main\AndroidManifest.xml:122:9-125:52
	android:screenOrientation
		ADDED from src\main\AndroidManifest.xml:125:13-49
	android:label
		ADDED from src\main\AndroidManifest.xml:124:13-63
	android:name
		ADDED from src\main\AndroidManifest.xml:123:13-113